<?xml version="1.0" encoding="UTF-8"?>
<coverage generated="1777553464631" clover="3.2.0">
  <project timestamp="1777553464631" name="All files">
    <metrics statements="31" coveredstatements="20" conditionals="21" coveredconditionals="5" methods="5" coveredmethods="1" elements="57" coveredelements="26" complexity="0" loc="31" ncloc="31" packages="1" files="2" classes="2"/>
    <file name="rateLimiter.js" path="D:\ML projects\Studium\backend\middleware\rateLimiter.js">
      <metrics statements="5" coveredstatements="5" conditionals="0" coveredconditionals="0" methods="0" coveredmethods="0"/>
      <line num="1" count="1" type="stmt"/>
      <line num="4" count="1" type="stmt"/>
      <line num="15" count="1" type="stmt"/>
      <line num="24" count="1" type="stmt"/>
      <line num="32" count="1" type="stmt"/>
    </file>
    <file name="validate.js" path="D:\ML projects\Studium\backend\middleware\validate.js">
      <metrics statements="26" coveredstatements="15" conditionals="21" coveredconditionals="5" methods="5" coveredmethods="1"/>
      <line num="1" count="1" type="stmt"/>
      <line num="9" count="0" type="stmt"/>
      <line num="10" count="0" type="stmt"/>
      <line num="11" count="0" type="cond" truecount="0" falsecount="2"/>
      <line num="13" count="0" type="cond" truecount="0" falsecount="3"/>
      <line num="14" count="0" type="cond" truecount="0" falsecount="2"/>
      <line num="15" count="0" type="stmt"/>
      <line num="17" count="0" type="stmt"/>
      <line num="18" count="0" type="stmt"/>
      <line num="24" count="1" type="stmt"/>
      <line num="41" count="6" type="cond" truecount="1" falsecount="1"/>
      <line num="42" count="6" type="cond" truecount="1" falsecount="1"/>
      <line num="43" count="6" type="cond" truecount="1" falsecount="1"/>
      <line num="44" count="6" type="cond" truecount="1" falsecount="1"/>
      <line num="46" count="6" type="cond" truecount="1" falsecount="1"/>
      <line num="47" count="0" type="cond" truecount="0" falsecount="2"/>
      <line num="51" count="1" type="stmt"/>
      <line num="56" count="0" type="cond" truecount="0" falsecount="2"/>
      <line num="59" count="1" type="stmt"/>
      <line num="69" count="1" type="stmt"/>
      <line num="75" count="1" type="stmt"/>
      <line num="82" count="1" type="stmt"/>
      <line num="89" count="1" type="stmt"/>
      <line num="101" count="0" type="stmt"/>
      <line num="106" count="1" type="stmt"/>
      <line num="113" count="1" type="stmt"/>
    </file>
  </project>
</coverage>
