{"D:\\ML projects\\Studium\\backend\\middleware\\rateLimiter.js": {"path":"D:\\ML projects\\Studium\\backend\\middleware\\rateLimiter.js","statementMap":{"0":{"start":{"line":1,"column":18},"end":{"line":1,"column":47}},"1":{"start":{"line":4,"column":20},"end":{"line":12,"column":2}},"2":{"start":{"line":15,"column":19},"end":{"line":21,"column":2}},"3":{"start":{"line":24,"column":24},"end":{"line":30,"column":2}},"4":{"start":{"line":32,"column":0},"end":{"line":36,"column":2}}},"fnMap":{},"branchMap":{},"s":{"0":1,"1":1,"2":1,"3":1,"4":1},"f":{},"b":{},"_coverageSchema":"1a1c01bbd47fc00a2c39e90264f33305004495a9","hash":"e76dfd77d580bba62094dfad1d7ecd006a9583a3"}
,"D:\\ML projects\\Studium\\backend\\middleware\\validate.js": {"path":"D:\\ML projects\\Studium\\backend\\middleware\\validate.js","statementMap":{"0":{"start":{"line":1,"column":14},"end":{"line":1,"column":28}},"1":{"start":{"line":9,"column":2},"end":{"line":19,"column":4}},"2":{"start":{"line":10,"column":19},"end":{"line":10,"column":45}},"3":{"start":{"line":11,"column":4},"end":{"line":16,"column":5}},"4":{"start":{"line":13,"column":21},"end":{"line":13,"column":69}},"5":{"start":{"line":14,"column":22},"end":{"line":14,"column":66}},"6":{"start":{"line":15,"column":6},"end":{"line":15,"column":54}},"7":{"start":{"line":17,"column":4},"end":{"line":17,"column":27}},"8":{"start":{"line":18,"column":4},"end":{"line":18,"column":11}},"9":{"start":{"line":24,"column":23},"end":{"line":49,"column":2}},"10":{"start":{"line":41,"column":2},"end":{"line":45,"column":3}},"11":{"start":{"line":42,"column":4},"end":{"line":42,"column":132}},"12":{"start":{"line":42,"column":31},"end":{"line":42,"column":132}},"13":{"start":{"line":43,"column":4},"end":{"line":43,"column":137}},"14":{"start":{"line":43,"column":34},"end":{"line":43,"column":137}},"15":{"start":{"line":44,"column":4},"end":{"line":44,"column":117}},"16":{"start":{"line":44,"column":20},"end":{"line":44,"column":117}},"17":{"start":{"line":46,"column":2},"end":{"line":48,"column":3}},"18":{"start":{"line":47,"column":4},"end":{"line":47,"column":137}},"19":{"start":{"line":47,"column":34},"end":{"line":47,"column":137}},"20":{"start":{"line":51,"column":20},"end":{"line":56,"column":77}},"21":{"start":{"line":56,"column":15},"end":{"line":56,"column":33}},"22":{"start":{"line":59,"column":29},"end":{"line":67,"column":2}},"23":{"start":{"line":69,"column":26},"end":{"line":73,"column":2}},"24":{"start":{"line":75,"column":24},"end":{"line":80,"column":2}},"25":{"start":{"line":82,"column":31},"end":{"line":87,"column":2}},"26":{"start":{"line":89,"column":25},"end":{"line":104,"column":2}},"27":{"start":{"line":101,"column":15},"end":{"line":101,"column":58}},"28":{"start":{"line":106,"column":33},"end":{"line":111,"column":2}},"29":{"start":{"line":113,"column":0},"end":{"line":125,"column":2}}},"fnMap":{"0":{"name":"validate","decl":{"start":{"line":8,"column":9},"end":{"line":8,"column":17}},"loc":{"start":{"line":8,"column":26},"end":{"line":20,"column":1}},"line":8},"1":{"name":"(anonymous_1)","decl":{"start":{"line":9,"column":9},"end":{"line":9,"column":10}},"loc":{"start":{"line":9,"column":29},"end":{"line":19,"column":3}},"line":9},"2":{"name":"(anonymous_2)","decl":{"start":{"line":40,"column":15},"end":{"line":40,"column":16}},"loc":{"start":{"line":40,"column":30},"end":{"line":49,"column":1}},"line":40},"3":{"name":"(anonymous_3)","decl":{"start":{"line":56,"column":10},"end":{"line":56,"column":11}},"loc":{"start":{"line":56,"column":15},"end":{"line":56,"column":33}},"line":56},"4":{"name":"(anonymous_4)","decl":{"start":{"line":101,"column":10},"end":{"line":101,"column":11}},"loc":{"start":{"line":101,"column":15},"end":{"line":101,"column":58}},"line":101}},"branchMap":{"0":{"loc":{"start":{"line":11,"column":4},"end":{"line":16,"column":5}},"type":"if","locations":[{"start":{"line":11,"column":4},"end":{"line":16,"column":5}},{"start":{},"end":{}}],"line":11},"1":{"loc":{"start":{"line":13,"column":21},"end":{"line":13,"column":69}},"type":"binary-expr","locations":[{"start":{"line":13,"column":21},"end":{"line":13,"column":40}},{"start":{"line":13,"column":44},"end":{"line":13,"column":63}},{"start":{"line":13,"column":67},"end":{"line":13,"column":69}}],"line":13},"2":{"loc":{"start":{"line":14,"column":22},"end":{"line":14,"column":66}},"type":"binary-expr","locations":[{"start":{"line":14,"column":22},"end":{"line":14,"column":40}},{"start":{"line":14,"column":44},"end":{"line":14,"column":66}}],"line":14},"3":{"loc":{"start":{"line":41,"column":2},"end":{"line":45,"column":3}},"type":"if","locations":[{"start":{"line":41,"column":2},"end":{"line":45,"column":3}},{"start":{},"end":{}}],"line":41},"4":{"loc":{"start":{"line":42,"column":4},"end":{"line":42,"column":132}},"type":"if","locations":[{"start":{"line":42,"column":4},"end":{"line":42,"column":132}},{"start":{},"end":{}}],"line":42},"5":{"loc":{"start":{"line":43,"column":4},"end":{"line":43,"column":137}},"type":"if","locations":[{"start":{"line":43,"column":4},"end":{"line":43,"column":137}},{"start":{},"end":{}}],"line":43},"6":{"loc":{"start":{"line":44,"column":4},"end":{"line":44,"column":117}},"type":"if","locations":[{"start":{"line":44,"column":4},"end":{"line":44,"column":117}},{"start":{},"end":{}}],"line":44},"7":{"loc":{"start":{"line":46,"column":2},"end":{"line":48,"column":3}},"type":"if","locations":[{"start":{"line":46,"column":2},"end":{"line":48,"column":3}},{"start":{},"end":{}}],"line":46},"8":{"loc":{"start":{"line":47,"column":4},"end":{"line":47,"column":137}},"type":"if","locations":[{"start":{"line":47,"column":4},"end":{"line":47,"column":137}},{"start":{},"end":{}}],"line":47},"9":{"loc":{"start":{"line":56,"column":15},"end":{"line":56,"column":33}},"type":"binary-expr","locations":[{"start":{"line":56,"column":15},"end":{"line":56,"column":22}},{"start":{"line":56,"column":26},"end":{"line":56,"column":33}}],"line":56}},"s":{"0":1,"1":0,"2":0,"3":0,"4":0,"5":0,"6":0,"7":0,"8":0,"9":1,"10":6,"11":6,"12":0,"13":6,"14":0,"15":6,"16":0,"17":6,"18":0,"19":0,"20":1,"21":0,"22":1,"23":1,"24":1,"25":1,"26":1,"27":0,"28":1,"29":1},"f":{"0":0,"1":0,"2":6,"3":0,"4":0},"b":{"0":[0,0],"1":[0,0,0],"2":[0,0],"3":[6,0],"4":[0,6],"5":[0,6],"6":[0,6],"7":[0,6],"8":[0,0],"9":[0,0]},"_coverageSchema":"1a1c01bbd47fc00a2c39e90264f33305004495a9","hash":"523a1c0451ce9a6075e226c463a1b18acab79ade"}
}
