TN:
SF:middleware\rateLimiter.js
FNF:0
FNH:0
DA:1,1
DA:4,1
DA:15,1
DA:24,1
DA:32,1
LF:5
LH:5
BRF:0
BRH:0
end_of_record
TN:
SF:middleware\validate.js
FN:8,validate
FN:9,(anonymous_1)
FN:40,(anonymous_2)
FN:56,(anonymous_3)
FN:101,(anonymous_4)
FNF:5
FNH:1
FNDA:0,validate
FNDA:0,(anonymous_1)
FNDA:6,(anonymous_2)
FNDA:0,(anonymous_3)
FNDA:0,(anonymous_4)
DA:1,1
DA:9,0
DA:10,0
DA:11,0
DA:13,0
DA:14,0
DA:15,0
DA:17,0
DA:18,0
DA:24,1
DA:41,6
DA:42,6
DA:43,6
DA:44,6
DA:46,6
DA:47,0
DA:51,1
DA:56,0
DA:59,1
DA:69,1
DA:75,1
DA:82,1
DA:89,1
DA:101,0
DA:106,1
DA:113,1
LF:26
LH:15
BRDA:11,0,0,0
BRDA:11,0,1,0
BRDA:13,1,0,0
BRDA:13,1,1,0
BRDA:13,1,2,0
BRDA:14,2,0,0
BRDA:14,2,1,0
BRDA:41,3,0,6
BRDA:41,3,1,0
BRDA:42,4,0,0
BRDA:42,4,1,6
BRDA:43,5,0,0
BRDA:43,5,1,6
BRDA:44,6,0,0
BRDA:44,6,1,6
BRDA:46,7,0,0
BRDA:46,7,1,6
BRDA:47,8,0,0
BRDA:47,8,1,0
BRDA:56,9,0,0
BRDA:56,9,1,0
BRF:21
BRH:5
end_of_record
